# JRE version: Java(TM) SE Runtime Environment (8.0_121-b13) (build 1.8.0_121-b13)
# Java VM: Java HotSpot(TM) 64-Bit Server VM (25.121-b13 mixed mode windows-amd64 compressed oops)
Heap:
 PSYoungGen      total 57856K, used 46233K [0x00000000d5580000, 0x00000000d9800000, 0x0000000100000000)
  eden space 49152K, 88% used [0x00000000d5580000,0x00000000d7fd3130,0x00000000d8580000)
  from space 8704K, 33% used [0x00000000d8e00000,0x00000000d90d3398,0x00000000d9680000)
  to   space 8704K, 0% used [0x00000000d8580000,0x00000000d8580000,0x00000000d8e00000)
 ParOldGen       total 51712K, used 6389K [0x0000000080000000, 0x0000000083280000, 0x00000000d5580000)
  object space 51712K, 12% used [0x0000000080000000,0x000000008063d470,0x0000000083280000)
 Metaspace       used 24522K, capacity 24902K, committed 25216K, reserved 1071104K
  class space    used 3044K, capacity 3150K, committed 3200K, reserved 1048576K
GC Heap History (10 events):
Event: 3.875 GC heap before
{Heap before GC invocations=5 (full 0):
 PSYoungGen      total 38400K, used 34603K [0x00000000d5580000, 0x00000000d8000000, 0x0000000100000000)
  eden space 33280K, 88% used [0x00000000d5580000,0x00000000d724e590,0x00000000d7600000)
  from space 5120K, 99% used [0x00000000d7b00000,0x00000000d7ffc6b8,0x00000000d8000000)
  to   space 5120K, 0% used [0x00000000d7600000,0x00000000d7600000,0x00000000d7b00000)
 ParOldGen       total 87552K, used 3010K [0x0000000080000000, 0x0000000085580000, 0x00000000d5580000)
  object space 87552K, 3% used [0x0000000080000000,0x00000000802f0bb8,0x0000000085580000)
 Metaspace       used 20981K, capacity 21232K, committed 21296K, reserved 1069056K
  class space    used 2588K, capacity 2681K, committed 2688K, reserved 1048576K
Event: 3.888 GC heap after
Heap after GC invocations=5 (full 0):
 PSYoungGen      total 38400K, used 5095K [0x00000000d5580000, 0x00000000d8000000, 0x0000000100000000)
  eden space 33280K, 0% used [0x00000000d5580000,0x00000000d5580000,0x00000000d7600000)
  from space 5120K, 99% used [0x00000000d7600000,0x00000000d7af9f20,0x00000000d7b00000)
  to   space 5120K, 0% used [0x00000000d7b00000,0x00000000d7b00000,0x00000000d8000000)
 ParOldGen       total 87552K, used 4342K [0x0000000080000000, 0x0000000085580000, 0x00000000d5580000)
  object space 87552K, 4% used [0x0000000080000000,0x000000008043db48,0x0000000085580000)
 Metaspace       used 20981K, capacity 21232K, committed 21296K, reserved 1069056K
  class space    used 2588K, capacity 2681K, committed 2688K, reserved 1048576K
}
Event: 3.888 GC heap before
{Heap before GC invocations=6 (full 1):
 PSYoungGen      total 38400K, used 5095K [0x00000000d5580000, 0x00000000d8000000, 0x0000000100000000)
  eden space 33280K, 0% used [0x00000000d5580000,0x00000000d5580000,0x00000000d7600000)
  from space 5120K, 99% used [0x00000000d7600000,0x00000000d7af9f20,0x00000000d7b00000)
  to   space 5120K, 0% used [0x00000000d7b00000,0x00000000d7b00000,0x00000000d8000000)
 ParOldGen       total 87552K, used 4342K [0x0000000080000000, 0x0000000085580000, 0x00000000d5580000)
  object space 87552K, 4% used [0x0000000080000000,0x000000008043db48,0x0000000085580000)
 Metaspace       used 20981K, capacity 21232K, committed 21296K, reserved 1069056K
  class space    used 2588K, capacity 2681K, committed 2688K, reserved 1048576K
Event: 3.929 GC heap after
Heap after GC invocations=6 (full 1):
 PSYoungGen      total 38400K, used 0K [0x00000000d5580000, 0x00000000d8000000, 0x0000000100000000)
  eden space 33280K, 0% used [0x00000000d5580000,0x00000000d5580000,0x00000000d7600000)
  from space 5120K, 0% used [0x00000000d7600000,0x00000000d7600000,0x00000000d7b00000)
  to   space 5120K, 0% used [0x00000000d7b00000,0x00000000d7b00000,0x00000000d8000000)
 ParOldGen       total 51712K, used 6381K [0x0000000080000000, 0x0000000083280000, 0x00000000d5580000)
  object space 51712K, 12% used [0x0000000080000000,0x000000008063b470,0x0000000083280000)
 Metaspace       used 20981K, capacity 21232K, committed 21296K, reserved 1069056K
  class space    used 2588K, capacity 2681K, committed 2688K, reserved 1048576K
}
Event: 4.243 GC heap before
{Heap before GC invocations=7 (full 1):
 PSYoungGen      total 38400K, used 33280K [0x00000000d5580000, 0x00000000d8000000, 0x0000000100000000)
  eden space 33280K, 100% used [0x00000000d5580000,0x00000000d7600000,0x00000000d7600000)
  from space 5120K, 0% used [0x00000000d7600000,0x00000000d7600000,0x00000000d7b00000)
  to   space 5120K, 0% used [0x00000000d7b00000,0x00000000d7b00000,0x00000000d8000000)
 ParOldGen       total 51712K, used 6381K [0x0000000080000000, 0x0000000083280000, 0x00000000d5580000)
  object space 51712K, 12% used [0x0000000080000000,0x000000008063b470,0x0000000083280000)
 Metaspace       used 23169K, capacity 23484K, committed 23808K, reserved 1071104K
  class space    used 2883K, capacity 2983K, committed 3072K, reserved 1048576K
Event: 4.246 GC heap after
Heap after GC invocations=7 (full 1):
 PSYoungGen      total 34816K, used 2374K [0x00000000d5580000, 0x00000000d9d80000, 0x0000000100000000)
  eden space 29696K, 0% used [0x00000000d5580000,0x00000000d5580000,0x00000000d7280000)
  from space 5120K, 46% used [0x00000000d7b00000,0x00000000d7d51958,0x00000000d8000000)
  to   space 8704K, 0% used [0x00000000d7280000,0x00000000d7280000,0x00000000d7b00000)
 ParOldGen       total 51712K, used 6381K [0x0000000080000000, 0x0000000083280000, 0x00000000d5580000)
  object space 51712K, 12% used [0x0000000080000000,0x000000008063b470,0x0000000083280000)
 Metaspace       used 23169K, capacity 23484K, committed 23808K, reserved 1071104K
  class space    used 2883K, capacity 2983K, committed 3072K, reserved 1048576K
}
Event: 4.625 GC heap before
{Heap before GC invocations=8 (full 1):
 PSYoungGen      total 34816K, used 32070K [0x00000000d5580000, 0x00000000d9d80000, 0x0000000100000000)
  eden space 29696K, 100% used [0x00000000d5580000,0x00000000d7280000,0x00000000d7280000)
  from space 5120K, 46% used [0x00000000d7b00000,0x00000000d7d51958,0x00000000d8000000)
  to   space 8704K, 0% used [0x00000000d7280000,0x00000000d7280000,0x00000000d7b00000)
 ParOldGen       total 51712K, used 6381K [0x0000000080000000, 0x0000000083280000, 0x00000000d5580000)
  object space 51712K, 12% used [0x0000000080000000,0x000000008063b470,0x0000000083280000)
 Metaspace       used 23920K, capacity 24232K, committed 24448K, reserved 1071104K
  class space    used 2971K, capacity 3081K, committed 3200K, reserved 1048576K
Event: 4.628 GC heap after
Heap after GC invocations=8 (full 1):
 PSYoungGen      total 38400K, used 2793K [0x00000000d5580000, 0x00000000d9680000, 0x0000000100000000)
  eden space 29696K, 0% used [0x00000000d5580000,0x00000000d5580000,0x00000000d7280000)
  from space 8704K, 32% used [0x00000000d7280000,0x00000000d753a4b0,0x00000000d7b00000)
  to   space 8704K, 0% used [0x00000000d8e00000,0x00000000d8e00000,0x00000000d9680000)
 ParOldGen       total 51712K, used 6389K [0x0000000080000000, 0x0000000083280000, 0x00000000d5580000)
  object space 51712K, 12% used [0x0000000080000000,0x000000008063d470,0x0000000083280000)
 Metaspace       used 23920K, capacity 24232K, committed 24448K, reserved 1071104K
  class space    used 2971K, capacity 3081K, committed 3200K, reserved 1048576K
}
Event: 4.777 GC heap before
{Heap before GC invocations=9 (full 1):
 PSYoungGen      total 38400K, used 32489K [0x00000000d5580000, 0x00000000d9680000, 0x0000000100000000)
  eden space 29696K, 100% used [0x00000000d5580000,0x00000000d7280000,0x00000000d7280000)
  from space 8704K, 32% used [0x00000000d7280000,0x00000000d753a4b0,0x00000000d7b00000)
  to   space 8704K, 0% used [0x00000000d8e00000,0x00000000d8e00000,0x00000000d9680000)
 ParOldGen       total 51712K, used 6389K [0x0000000080000000, 0x0000000083280000, 0x00000000d5580000)
  object space 51712K, 12% used [0x0000000080000000,0x000000008063d470,0x0000000083280000)
 Metaspace       used 24214K, capacity 24532K, committed 24704K, reserved 1071104K
  class space    used 3002K, capacity 3115K, committed 3200K, reserved 1048576K
Event: 4.784 GC heap after
Heap after GC invocations=9 (full 1):
 PSYoungGen      total 57856K, used 2892K [0x00000000d5580000, 0x00000000d9800000, 0x0000000100000000)
  eden space 49152K, 0% used [0x00000000d5580000,0x00000000d5580000,0x00000000d8580000)
  from space 8704K, 33% used [0x00000000d8e00000,0x00000000d90d3398,0x00000000d9680000)
  to   space 8704K, 0% used [0x00000000d8580000,0x00000000d8580000,0x00000000d8e00000)
 ParOldGen       total 51712K, used 6389K [0x0000000080000000, 0x0000000083280000, 0x00000000d5580000)
  object space 51712K, 12% used [0x0000000080000000,0x000000008063d470,0x0000000083280000)
 Metaspace       used 24214K, capacity 24532K, committed 24704K, reserved 1071104K
  class space    used 3002K, capacity 3115K, committed 3200K, reserved 1048576K
}

