# JRE version: Java(TM) SE Runtime Environment (8.0_121-b13) (build 1.8.0_121-b13)
# Java VM: Java HotSpot(TM) 64-Bit Server VM (25.121-b13 mixed mode windows-amd64 compressed oops)
Heap:
 PSYoungGen      total 60928K, used 12961K [0x00000000d5580000, 0x00000000d9a80000, 0x0000000100000000)
  eden space 51200K, 25% used [0x00000000d5580000,0x00000000d6228490,0x00000000d8780000)
  from space 9728K, 0% used [0x00000000d8780000,0x00000000d8780000,0x00000000d9100000)
  to   space 9216K, 0% used [0x00000000d9100000,0x00000000d9100000,0x00000000d9a00000)
 ParOldGen       total 45568K, used 26033K [0x0000000080000000, 0x0000000082c80000, 0x00000000d5580000)
  object space 45568K, 57% used [0x0000000080000000,0x000000008196c770,0x0000000082c80000)
 Metaspace       used 35200K, capacity 35718K, committed 36136K, reserved 1081344K
  class space    used 4817K, capacity 4942K, committed 5040K, reserved 1048576K
GC Heap History (10 events):
Event: 8.939 GC heap before
{Heap before GC invocations=20 (full 1):
 PSYoungGen      total 60416K, used 53507K [0x00000000d5580000, 0x00000000d9a80000, 0x0000000100000000)
  eden space 51200K, 100% used [0x00000000d5580000,0x00000000d8780000,0x00000000d8780000)
  from space 9216K, 25% used [0x00000000d9100000,0x00000000d9340dd8,0x00000000d9a00000)
  to   space 9728K, 0% used [0x00000000d8780000,0x00000000d8780000,0x00000000d9100000)
 ParOldGen       total 45568K, used 23083K [0x0000000080000000, 0x0000000082c80000, 0x00000000d5580000)
  object space 45568K, 50% used [0x0000000080000000,0x000000008168adc0,0x0000000082c80000)
 Metaspace       used 34804K, capacity 35286K, committed 35496K, reserved 1079296K
  class space    used 4758K, capacity 4870K, committed 4912K, reserved 1048576K
Event: 8.948 GC heap after
Heap after GC invocations=20 (full 1):
 PSYoungGen      total 60928K, used 2858K [0x00000000d5580000, 0x00000000d9a80000, 0x0000000100000000)
  eden space 51200K, 0% used [0x00000000d5580000,0x00000000d5580000,0x00000000d8780000)
  from space 9728K, 29% used [0x00000000d8780000,0x00000000d8a4aa08,0x00000000d9100000)
  to   space 9216K, 0% used [0x00000000d9100000,0x00000000d9100000,0x00000000d9a00000)
 ParOldGen       total 45568K, used 24803K [0x0000000080000000, 0x0000000082c80000, 0x00000000d5580000)
  object space 45568K, 54% used [0x0000000080000000,0x0000000081838c50,0x0000000082c80000)
 Metaspace       used 34804K, capacity 35286K, committed 35496K, reserved 1079296K
  class space    used 4758K, capacity 4870K, committed 4912K, reserved 1048576K
}
Event: 9.019 GC heap before
{Heap before GC invocations=21 (full 1):
 PSYoungGen      total 60928K, used 14891K [0x00000000d5580000, 0x00000000d9a80000, 0x0000000100000000)
  eden space 51200K, 23% used [0x00000000d5580000,0x00000000d61402d8,0x00000000d8780000)
  from space 9728K, 29% used [0x00000000d8780000,0x00000000d8a4aa08,0x00000000d9100000)
  to   space 9216K, 0% used [0x00000000d9100000,0x00000000d9100000,0x00000000d9a00000)
 ParOldGen       total 45568K, used 24803K [0x0000000080000000, 0x0000000082c80000, 0x00000000d5580000)
  object space 45568K, 54% used [0x0000000080000000,0x0000000081838c50,0x0000000082c80000)
 Metaspace       used 34878K, capacity 35330K, committed 35496K, reserved 1079296K
  class space    used 4769K, capacity 4904K, committed 4912K, reserved 1048576K
Event: 9.026 GC heap after
Heap after GC invocations=21 (full 1):
 PSYoungGen      total 60416K, used 576K [0x00000000d5580000, 0x00000000d9a80000, 0x0000000100000000)
  eden space 51200K, 0% used [0x00000000d5580000,0x00000000d5580000,0x00000000d8780000)
  from space 9216K, 6% used [0x00000000d9100000,0x00000000d9190000,0x00000000d9a00000)
  to   space 9728K, 0% used [0x00000000d8780000,0x00000000d8780000,0x00000000d9100000)
 ParOldGen       total 45568K, used 26683K [0x0000000080000000, 0x0000000082c80000, 0x00000000d5580000)
  object space 45568K, 58% used [0x0000000080000000,0x0000000081a0ec50,0x0000000082c80000)
 Metaspace       used 34878K, capacity 35330K, committed 35496K, reserved 1079296K
  class space    used 4769K, capacity 4904K, committed 4912K, reserved 1048576K
}
Event: 9.026 GC heap before
{Heap before GC invocations=22 (full 2):
 PSYoungGen      total 60416K, used 576K [0x00000000d5580000, 0x00000000d9a80000, 0x0000000100000000)
  eden space 51200K, 0% used [0x00000000d5580000,0x00000000d5580000,0x00000000d8780000)
  from space 9216K, 6% used [0x00000000d9100000,0x00000000d9190000,0x00000000d9a00000)
  to   space 9728K, 0% used [0x00000000d8780000,0x00000000d8780000,0x00000000d9100000)
 ParOldGen       total 45568K, used 26683K [0x0000000080000000, 0x0000000082c80000, 0x00000000d5580000)
  object space 45568K, 58% used [0x0000000080000000,0x0000000081a0ec50,0x0000000082c80000)
 Metaspace       used 34878K, capacity 35330K, committed 35496K, reserved 1079296K
  class space    used 4769K, capacity 4904K, committed 4912K, reserved 1048576K
Event: 9.228 GC heap after
Heap after GC invocations=22 (full 2):
 PSYoungGen      total 60416K, used 0K [0x00000000d5580000, 0x00000000d9a80000, 0x0000000100000000)
  eden space 51200K, 0% used [0x00000000d5580000,0x00000000d5580000,0x00000000d8780000)
  from space 9216K, 0% used [0x00000000d9100000,0x00000000d9100000,0x00000000d9a00000)
  to   space 9728K, 0% used [0x00000000d8780000,0x00000000d8780000,0x00000000d9100000)
 ParOldGen       total 45568K, used 26070K [0x0000000080000000, 0x0000000082c80000, 0x00000000d5580000)
  object space 45568K, 57% used [0x0000000080000000,0x0000000081975858,0x0000000082c80000)
 Metaspace       used 34878K, capacity 35330K, committed 35496K, reserved 1079296K
  class space    used 4769K, capacity 4904K, committed 4912K, reserved 1048576K
}
Event: 9.228 GC heap before
{Heap before GC invocations=23 (full 2):
 PSYoungGen      total 60416K, used 859K [0x00000000d5580000, 0x00000000d9a80000, 0x0000000100000000)
  eden space 51200K, 1% used [0x00000000d5580000,0x00000000d5656d50,0x00000000d8780000)
  from space 9216K, 0% used [0x00000000d9100000,0x00000000d9100000,0x00000000d9a00000)
  to   space 9728K, 0% used [0x00000000d8780000,0x00000000d8780000,0x00000000d9100000)
 ParOldGen       total 45568K, used 26070K [0x0000000080000000, 0x0000000082c80000, 0x00000000d5580000)
  object space 45568K, 57% used [0x0000000080000000,0x0000000081975858,0x0000000082c80000)
 Metaspace       used 34878K, capacity 35330K, committed 35496K, reserved 1083392K
  class space    used 4769K, capacity 4904K, committed 4912K, reserved 1048576K
Event: 9.231 GC heap after
Heap after GC invocations=23 (full 2):
 PSYoungGen      total 60928K, used 64K [0x00000000d5580000, 0x00000000d9a80000, 0x0000000100000000)
  eden space 51200K, 0% used [0x00000000d5580000,0x00000000d5580000,0x00000000d8780000)
  from space 9728K, 0% used [0x00000000d8780000,0x00000000d8790000,0x00000000d9100000)
  to   space 9216K, 0% used [0x00000000d9100000,0x00000000d9100000,0x00000000d9a00000)
 ParOldGen       total 45568K, used 26070K [0x0000000080000000, 0x0000000082c80000, 0x00000000d5580000)
  object space 45568K, 57% used [0x0000000080000000,0x0000000081975858,0x0000000082c80000)
 Metaspace       used 34878K, capacity 35330K, committed 35496K, reserved 1083392K
  class space    used 4769K, capacity 4904K, committed 4912K, reserved 1048576K
}
Event: 9.231 GC heap before
{Heap before GC invocations=24 (full 3):
 PSYoungGen      total 60928K, used 64K [0x00000000d5580000, 0x00000000d9a80000, 0x0000000100000000)
  eden space 51200K, 0% used [0x00000000d5580000,0x00000000d5580000,0x00000000d8780000)
  from space 9728K, 0% used [0x00000000d8780000,0x00000000d8790000,0x00000000d9100000)
  to   space 9216K, 0% used [0x00000000d9100000,0x00000000d9100000,0x00000000d9a00000)
 ParOldGen       total 45568K, used 26070K [0x0000000080000000, 0x0000000082c80000, 0x00000000d5580000)
  object space 45568K, 57% used [0x0000000080000000,0x0000000081975858,0x0000000082c80000)
 Metaspace       used 34878K, capacity 35330K, committed 35496K, reserved 1083392K
  class space    used 4769K, capacity 4904K, committed 4912K, reserved 1048576K
Event: 9.378 GC heap after
Heap after GC invocations=24 (full 3):
 PSYoungGen      total 60928K, used 0K [0x00000000d5580000, 0x00000000d9a80000, 0x0000000100000000)
  eden space 51200K, 0% used [0x00000000d5580000,0x00000000d5580000,0x00000000d8780000)
  from space 9728K, 0% used [0x00000000d8780000,0x00000000d8780000,0x00000000d9100000)
  to   space 9216K, 0% used [0x00000000d9100000,0x00000000d9100000,0x00000000d9a00000)
 ParOldGen       total 45568K, used 26033K [0x0000000080000000, 0x0000000082c80000, 0x00000000d5580000)
  object space 45568K, 57% used [0x0000000080000000,0x000000008196c770,0x0000000082c80000)
 Metaspace       used 34878K, capacity 35330K, committed 35496K, reserved 1081344K
  class space    used 4769K, capacity 4904K, committed 4912K, reserved 1048576K
}

